# Simulation Game History Log
# Session ID: 1758288293
# Timestamp: 2025-09-19 13:24:53 UTC
# Format: Each update shows actor positions and targets

UPDATE 1
TOTAL_ENTITIES: 5
HISTORY_UPDATES: 1
SYSTEM_EXECUTIONS: 3
COMPONENT_CHANGES: 0
WORLD_OPERATIONS: 0

UPDATE 2
TOTAL_ENTITIES: 5
HISTORY_UPDATES: 2
SYSTEM_EXECUTIONS: 3
COMPONENT_CHANGES: 0
WORLD_OPERATIONS: 0

UPDATE 3
TOTAL_ENTITIES: 5
HISTORY_UPDATES: 3
SYSTEM_EXECUTIONS: 3
COMPONENT_CHANGES: 0
WORLD_OPERATIONS: 0

UPDATE 4
TOTAL_ENTITIES: 5
HISTORY_UPDATES: 4
SYSTEM_EXECUTIONS: 3
COMPONENT_CHANGES: 0
WORLD_OPERATIONS: 0

UPDATE 5
TOTAL_ENTITIES: 5
HISTORY_UPDATES: 5
SYSTEM_EXECUTIONS: 3
COMPONENT_CHANGES: 0
WORLD_OPERATIONS: 0

UPDATE 6
TOTAL_ENTITIES: 5
HISTORY_UPDATES: 6
SYSTEM_EXECUTIONS: 3
COMPONENT_CHANGES: 0
WORLD_OPERATIONS: 0

UPDATE 7
TOTAL_ENTITIES: 5
HISTORY_UPDATES: 7
SYSTEM_EXECUTIONS: 3
COMPONENT_CHANGES: 0
WORLD_OPERATIONS: 0

UPDATE 8
TOTAL_ENTITIES: 5
HISTORY_UPDATES: 8
SYSTEM_EXECUTIONS: 3
COMPONENT_CHANGES: 0
WORLD_OPERATIONS: 0

UPDATE 9
TOTAL_ENTITIES: 5
HISTORY_UPDATES: 9
SYSTEM_EXECUTIONS: 3
COMPONENT_CHANGES: 0
WORLD_OPERATIONS: 0

UPDATE 10
TOTAL_ENTITIES: 5
HISTORY_UPDATES: 10
SYSTEM_EXECUTIONS: 3
COMPONENT_CHANGES: 0
WORLD_OPERATIONS: 0

UPDATE 11
TOTAL_ENTITIES: 5
HISTORY_UPDATES: 11
SYSTEM_EXECUTIONS: 3
COMPONENT_CHANGES: 0
WORLD_OPERATIONS: 0

UPDATE 12
TOTAL_ENTITIES: 5
HISTORY_UPDATES: 12
SYSTEM_EXECUTIONS: 3
COMPONENT_CHANGES: 0
WORLD_OPERATIONS: 0

UPDATE 13
TOTAL_ENTITIES: 5
HISTORY_UPDATES: 13
SYSTEM_EXECUTIONS: 3
COMPONENT_CHANGES: 0
WORLD_OPERATIONS: 0

UPDATE 14
TOTAL_ENTITIES: 5
HISTORY_UPDATES: 14
SYSTEM_EXECUTIONS: 3
COMPONENT_CHANGES: 0
WORLD_OPERATIONS: 0

UPDATE 15
TOTAL_ENTITIES: 5
HISTORY_UPDATES: 15
SYSTEM_EXECUTIONS: 3
COMPONENT_CHANGES: 0
WORLD_OPERATIONS: 0

UPDATE 16
TOTAL_ENTITIES: 5
HISTORY_UPDATES: 16
SYSTEM_EXECUTIONS: 3
COMPONENT_CHANGES: 0
WORLD_OPERATIONS: 0

UPDATE 17
TOTAL_ENTITIES: 5
HISTORY_UPDATES: 17
SYSTEM_EXECUTIONS: 3
COMPONENT_CHANGES: 0
WORLD_OPERATIONS: 0

UPDATE 18
TOTAL_ENTITIES: 5
HISTORY_UPDATES: 18
SYSTEM_EXECUTIONS: 3
COMPONENT_CHANGES: 0
WORLD_OPERATIONS: 0

UPDATE 19
TOTAL_ENTITIES: 5
HISTORY_UPDATES: 19
SYSTEM_EXECUTIONS: 3
COMPONENT_CHANGES: 0
WORLD_OPERATIONS: 0

UPDATE 20
TOTAL_ENTITIES: 5
HISTORY_UPDATES: 20
SYSTEM_EXECUTIONS: 3
COMPONENT_CHANGES: 0
WORLD_OPERATIONS: 0

UPDATE 21
TOTAL_ENTITIES: 5
HISTORY_UPDATES: 21
SYSTEM_EXECUTIONS: 3
COMPONENT_CHANGES: 0
WORLD_OPERATIONS: 0

UPDATE 22
TOTAL_ENTITIES: 5
HISTORY_UPDATES: 22
SYSTEM_EXECUTIONS: 3
COMPONENT_CHANGES: 0
WORLD_OPERATIONS: 0

UPDATE 23
TOTAL_ENTITIES: 5
HISTORY_UPDATES: 23
SYSTEM_EXECUTIONS: 3
COMPONENT_CHANGES: 0
WORLD_OPERATIONS: 0

UPDATE 24
TOTAL_ENTITIES: 5
HISTORY_UPDATES: 24
SYSTEM_EXECUTIONS: 3
COMPONENT_CHANGES: 0
WORLD_OPERATIONS: 0

UPDATE 25
TOTAL_ENTITIES: 5
HISTORY_UPDATES: 25
SYSTEM_EXECUTIONS: 3
COMPONENT_CHANGES: 0
WORLD_OPERATIONS: 0

UPDATE 26
TOTAL_ENTITIES: 5
HISTORY_UPDATES: 26
SYSTEM_EXECUTIONS: 3
COMPONENT_CHANGES: 0
WORLD_OPERATIONS: 0

UPDATE 27
TOTAL_ENTITIES: 5
HISTORY_UPDATES: 27
SYSTEM_EXECUTIONS: 3
COMPONENT_CHANGES: 0
WORLD_OPERATIONS: 0

UPDATE 28
TOTAL_ENTITIES: 5
HISTORY_UPDATES: 28
SYSTEM_EXECUTIONS: 3
COMPONENT_CHANGES: 0
WORLD_OPERATIONS: 0

UPDATE 29
TOTAL_ENTITIES: 5
HISTORY_UPDATES: 29
SYSTEM_EXECUTIONS: 3
COMPONENT_CHANGES: 0
WORLD_OPERATIONS: 0

UPDATE 30
TOTAL_ENTITIES: 5
HISTORY_UPDATES: 30
SYSTEM_EXECUTIONS: 3
COMPONENT_CHANGES: 0
WORLD_OPERATIONS: 0

UPDATE 31
TOTAL_ENTITIES: 5
HISTORY_UPDATES: 31
SYSTEM_EXECUTIONS: 3
COMPONENT_CHANGES: 0
WORLD_OPERATIONS: 0

UPDATE 32
TOTAL_ENTITIES: 5
HISTORY_UPDATES: 32
SYSTEM_EXECUTIONS: 3
COMPONENT_CHANGES: 0
WORLD_OPERATIONS: 0

UPDATE 33
TOTAL_ENTITIES: 5
HISTORY_UPDATES: 33
SYSTEM_EXECUTIONS: 3
COMPONENT_CHANGES: 0
WORLD_OPERATIONS: 0

UPDATE 34
TOTAL_ENTITIES: 5
HISTORY_UPDATES: 34
SYSTEM_EXECUTIONS: 3
COMPONENT_CHANGES: 0
WORLD_OPERATIONS: 0

UPDATE 35
TOTAL_ENTITIES: 5
HISTORY_UPDATES: 35
SYSTEM_EXECUTIONS: 3
COMPONENT_CHANGES: 0
WORLD_OPERATIONS: 0

UPDATE 36
TOTAL_ENTITIES: 5
HISTORY_UPDATES: 36
SYSTEM_EXECUTIONS: 3
COMPONENT_CHANGES: 0
WORLD_OPERATIONS: 0

UPDATE 37
TOTAL_ENTITIES: 5
HISTORY_UPDATES: 37
SYSTEM_EXECUTIONS: 3
COMPONENT_CHANGES: 0
WORLD_OPERATIONS: 0

UPDATE 38
TOTAL_ENTITIES: 5
HISTORY_UPDATES: 38
SYSTEM_EXECUTIONS: 3
COMPONENT_CHANGES: 0
WORLD_OPERATIONS: 0

UPDATE 39
TOTAL_ENTITIES: 5
HISTORY_UPDATES: 39
SYSTEM_EXECUTIONS: 3
COMPONENT_CHANGES: 0
WORLD_OPERATIONS: 0

UPDATE 40
TOTAL_ENTITIES: 5
HISTORY_UPDATES: 40
SYSTEM_EXECUTIONS: 3
COMPONENT_CHANGES: 0
WORLD_OPERATIONS: 0

UPDATE 41
TOTAL_ENTITIES: 5
HISTORY_UPDATES: 41
SYSTEM_EXECUTIONS: 3
COMPONENT_CHANGES: 0
WORLD_OPERATIONS: 0

UPDATE 42
TOTAL_ENTITIES: 5
HISTORY_UPDATES: 42
SYSTEM_EXECUTIONS: 3
COMPONENT_CHANGES: 0
WORLD_OPERATIONS: 0

UPDATE 43
TOTAL_ENTITIES: 5
HISTORY_UPDATES: 43
SYSTEM_EXECUTIONS: 3
COMPONENT_CHANGES: 0
WORLD_OPERATIONS: 0

UPDATE 44
TOTAL_ENTITIES: 5
HISTORY_UPDATES: 44
SYSTEM_EXECUTIONS: 3
COMPONENT_CHANGES: 0
WORLD_OPERATIONS: 0

UPDATE 45
TOTAL_ENTITIES: 5
HISTORY_UPDATES: 45
SYSTEM_EXECUTIONS: 3
COMPONENT_CHANGES: 0
WORLD_OPERATIONS: 0

UPDATE 46
TOTAL_ENTITIES: 5
HISTORY_UPDATES: 46
SYSTEM_EXECUTIONS: 3
COMPONENT_CHANGES: 0
WORLD_OPERATIONS: 0

UPDATE 47
TOTAL_ENTITIES: 5
HISTORY_UPDATES: 47
SYSTEM_EXECUTIONS: 3
COMPONENT_CHANGES: 0
WORLD_OPERATIONS: 0

UPDATE 48
TOTAL_ENTITIES: 5
HISTORY_UPDATES: 48
SYSTEM_EXECUTIONS: 3
COMPONENT_CHANGES: 0
WORLD_OPERATIONS: 0

UPDATE 49
TOTAL_ENTITIES: 5
HISTORY_UPDATES: 49
SYSTEM_EXECUTIONS: 3
COMPONENT_CHANGES: 0
WORLD_OPERATIONS: 0

UPDATE 50
TOTAL_ENTITIES: 5
HISTORY_UPDATES: 50
SYSTEM_EXECUTIONS: 3
COMPONENT_CHANGES: 0
WORLD_OPERATIONS: 0

UPDATE 51
TOTAL_ENTITIES: 5
HISTORY_UPDATES: 51
SYSTEM_EXECUTIONS: 3
COMPONENT_CHANGES: 0
WORLD_OPERATIONS: 0

UPDATE 52
TOTAL_ENTITIES: 5
HISTORY_UPDATES: 52
SYSTEM_EXECUTIONS: 3
COMPONENT_CHANGES: 0
WORLD_OPERATIONS: 0

UPDATE 53
TOTAL_ENTITIES: 5
HISTORY_UPDATES: 53
SYSTEM_EXECUTIONS: 3
COMPONENT_CHANGES: 0
WORLD_OPERATIONS: 0

UPDATE 54
TOTAL_ENTITIES: 5
HISTORY_UPDATES: 54
SYSTEM_EXECUTIONS: 3
COMPONENT_CHANGES: 0
WORLD_OPERATIONS: 0

UPDATE 55
TOTAL_ENTITIES: 5
HISTORY_UPDATES: 55
SYSTEM_EXECUTIONS: 3
COMPONENT_CHANGES: 0
WORLD_OPERATIONS: 0

UPDATE 56
TOTAL_ENTITIES: 5
HISTORY_UPDATES: 56
SYSTEM_EXECUTIONS: 3
COMPONENT_CHANGES: 0
WORLD_OPERATIONS: 0

UPDATE 57
TOTAL_ENTITIES: 5
HISTORY_UPDATES: 57
SYSTEM_EXECUTIONS: 3
COMPONENT_CHANGES: 0
WORLD_OPERATIONS: 0

UPDATE 58
TOTAL_ENTITIES: 5
HISTORY_UPDATES: 58
SYSTEM_EXECUTIONS: 3
COMPONENT_CHANGES: 0
WORLD_OPERATIONS: 0

UPDATE 59
TOTAL_ENTITIES: 5
HISTORY_UPDATES: 59
SYSTEM_EXECUTIONS: 3
COMPONENT_CHANGES: 0
WORLD_OPERATIONS: 0

UPDATE 60
TOTAL_ENTITIES: 5
HISTORY_UPDATES: 60
SYSTEM_EXECUTIONS: 3
COMPONENT_CHANGES: 0
WORLD_OPERATIONS: 0

UPDATE 61
TOTAL_ENTITIES: 5
HISTORY_UPDATES: 61
SYSTEM_EXECUTIONS: 3
COMPONENT_CHANGES: 0
WORLD_OPERATIONS: 0

UPDATE 62
TOTAL_ENTITIES: 5
HISTORY_UPDATES: 62
SYSTEM_EXECUTIONS: 3
COMPONENT_CHANGES: 0
WORLD_OPERATIONS: 0

UPDATE 63
TOTAL_ENTITIES: 5
HISTORY_UPDATES: 63
SYSTEM_EXECUTIONS: 3
COMPONENT_CHANGES: 0
WORLD_OPERATIONS: 0

UPDATE 64
TOTAL_ENTITIES: 5
HISTORY_UPDATES: 64
SYSTEM_EXECUTIONS: 3
COMPONENT_CHANGES: 0
WORLD_OPERATIONS: 0

UPDATE 65
TOTAL_ENTITIES: 5
HISTORY_UPDATES: 65
SYSTEM_EXECUTIONS: 3
COMPONENT_CHANGES: 0
WORLD_OPERATIONS: 0

UPDATE 66
TOTAL_ENTITIES: 5
HISTORY_UPDATES: 66
SYSTEM_EXECUTIONS: 3
COMPONENT_CHANGES: 0
WORLD_OPERATIONS: 0

UPDATE 67
TOTAL_ENTITIES: 5
HISTORY_UPDATES: 67
SYSTEM_EXECUTIONS: 3
COMPONENT_CHANGES: 0
WORLD_OPERATIONS: 0

UPDATE 68
TOTAL_ENTITIES: 5
HISTORY_UPDATES: 68
SYSTEM_EXECUTIONS: 3
COMPONENT_CHANGES: 0
WORLD_OPERATIONS: 0

UPDATE 69
TOTAL_ENTITIES: 5
HISTORY_UPDATES: 69
SYSTEM_EXECUTIONS: 3
COMPONENT_CHANGES: 0
WORLD_OPERATIONS: 0

UPDATE 70
TOTAL_ENTITIES: 5
HISTORY_UPDATES: 70
SYSTEM_EXECUTIONS: 3
COMPONENT_CHANGES: 0
WORLD_OPERATIONS: 0

