# Simulation Game History Log
# Session ID: 1758288250
# Timestamp: 2025-09-19 13:24:10 UTC
# Format: Each update shows actor positions and targets

UPDATE 1
TOTAL_ENTITIES: 5
HISTORY_UPDATES: 1
SYSTEM_EXECUTIONS: 3
COMPONENT_CHANGES: 0
WORLD_OPERATIONS: 0

UPDATE 2
TOTAL_ENTITIES: 5
HISTORY_UPDATES: 2
SYSTEM_EXECUTIONS: 3
COMPONENT_CHANGES: 0
WORLD_OPERATIONS: 0

UPDATE 3
TOTAL_ENTITIES: 5
HISTORY_UPDATES: 3
SYSTEM_EXECUTIONS: 3
COMPONENT_CHANGES: 0
WORLD_OPERATIONS: 0

UPDATE 4
TOTAL_ENTITIES: 5
HISTORY_UPDATES: 4
SYSTEM_EXECUTIONS: 3
COMPONENT_CHANGES: 0
WORLD_OPERATIONS: 0

UPDATE 5
TOTAL_ENTITIES: 5
HISTORY_UPDATES: 5
SYSTEM_EXECUTIONS: 3
COMPONENT_CHANGES: 0
WORLD_OPERATIONS: 0

UPDATE 6
TOTAL_ENTITIES: 5
HISTORY_UPDATES: 6
SYSTEM_EXECUTIONS: 3
COMPONENT_CHANGES: 0
WORLD_OPERATIONS: 0

UPDATE 7
TOTAL_ENTITIES: 5
HISTORY_UPDATES: 7
SYSTEM_EXECUTIONS: 3
COMPONENT_CHANGES: 0
WORLD_OPERATIONS: 0

UPDATE 8
TOTAL_ENTITIES: 5
HISTORY_UPDATES: 8
SYSTEM_EXECUTIONS: 3
COMPONENT_CHANGES: 0
WORLD_OPERATIONS: 0

UPDATE 9
TOTAL_ENTITIES: 5
HISTORY_UPDATES: 9
SYSTEM_EXECUTIONS: 3
COMPONENT_CHANGES: 0
WORLD_OPERATIONS: 0

UPDATE 10
TOTAL_ENTITIES: 5
HISTORY_UPDATES: 10
SYSTEM_EXECUTIONS: 3
COMPONENT_CHANGES: 0
WORLD_OPERATIONS: 0

UPDATE 11
TOTAL_ENTITIES: 5
HISTORY_UPDATES: 11
SYSTEM_EXECUTIONS: 3
COMPONENT_CHANGES: 0
WORLD_OPERATIONS: 0

UPDATE 12
TOTAL_ENTITIES: 5
HISTORY_UPDATES: 12
SYSTEM_EXECUTIONS: 3
COMPONENT_CHANGES: 0
WORLD_OPERATIONS: 0

UPDATE 13
TOTAL_ENTITIES: 5
HISTORY_UPDATES: 13
SYSTEM_EXECUTIONS: 3
COMPONENT_CHANGES: 0
WORLD_OPERATIONS: 0

UPDATE 14
TOTAL_ENTITIES: 5
HISTORY_UPDATES: 14
SYSTEM_EXECUTIONS: 3
COMPONENT_CHANGES: 0
WORLD_OPERATIONS: 0

UPDATE 15
TOTAL_ENTITIES: 5
HISTORY_UPDATES: 15
SYSTEM_EXECUTIONS: 3
COMPONENT_CHANGES: 0
WORLD_OPERATIONS: 0

UPDATE 16
TOTAL_ENTITIES: 5
HISTORY_UPDATES: 16
SYSTEM_EXECUTIONS: 3
COMPONENT_CHANGES: 0
WORLD_OPERATIONS: 0

UPDATE 17
TOTAL_ENTITIES: 5
HISTORY_UPDATES: 17
SYSTEM_EXECUTIONS: 3
COMPONENT_CHANGES: 0
WORLD_OPERATIONS: 0

UPDATE 18
TOTAL_ENTITIES: 5
HISTORY_UPDATES: 18
SYSTEM_EXECUTIONS: 3
COMPONENT_CHANGES: 0
WORLD_OPERATIONS: 0

UPDATE 19
TOTAL_ENTITIES: 5
HISTORY_UPDATES: 19
SYSTEM_EXECUTIONS: 3
COMPONENT_CHANGES: 0
WORLD_OPERATIONS: 0

UPDATE 20
TOTAL_ENTITIES: 5
HISTORY_UPDATES: 20
SYSTEM_EXECUTIONS: 3
COMPONENT_CHANGES: 0
WORLD_OPERATIONS: 0

